INFO 2021/2/2 下午3:53:05  luanchFromDiffVersion, pre version is undefined
INFO 2021/2/2 下午3:53:05  overwriteThemeFolder
INFO 2021/2/2 下午3:53:05  ------------------start------------------
INFO 2021/2/2 下午3:53:05  typora version: 0.9.98
DEBUG 2021/2/2 下午3:53:06  [ '/usr/share/typora/Typora' ]
INFO 2021/2/2 下午3:53:06  [Raven] instanceKey = e1844952-f651-4ebf-8c63-f2c0c4b9fdd4
INFO 2021/2/2 下午3:53:06  [Raven] userId = deb85877-22d4-45e7-9382-57cf601b8a66
DEBUG 2021/2/2 下午3:53:06  app.openFile
INFO 2021/2/2 下午3:53:07  [focus] 1
INFO 2021/2/2 下午3:53:09  got argv [typora] from secondary instance
DEBUG 2021/2/2 下午3:53:09  app.openFile
INFO 2021/2/2 下午3:53:09  [blur] 1
INFO 2021/2/2 下午3:53:09  [focus] 2
INFO 2021/2/2 下午3:53:10  [blur] 2
INFO 2021/2/2 下午3:53:10  [focus] 1
INFO 2021/2/2 下午3:53:10  handle document.loadInitData
INFO 2021/2/2 下午3:53:11  [blur] 1
INFO 2021/2/2 下午3:53:11  [focus] 2
INFO 2021/2/2 下午3:53:11  handle document.loadInitData
INFO 2021/2/2 下午3:53:12  [focus] 1
INFO 2021/2/2 下午3:53:19  [blur] 1
INFO 2021/2/2 下午3:53:25  [focus] 1
INFO 2021/2/2 下午3:53:26  [blur] 1
INFO 2021/2/2 下午3:53:27  [focus] 1
INFO 2021/2/2 下午3:53:29  [blur] 1
INFO 2021/2/2 下午3:53:29  [focus] 1
INFO 2021/2/2 下午3:53:30  ----------------before-quit-----------------
INFO 2021/2/2 下午3:53:30  ------------------will-quit------------------
INFO 2021/2/2 下午3:54:47  ------------------start------------------
INFO 2021/2/2 下午3:54:47  typora version: 0.9.98
DEBUG 2021/2/2 下午3:54:47  [ '/usr/share/typora/Typora' ]
INFO 2021/2/2 下午3:54:47  [Raven] instanceKey = 5efaa5a5-ca02-472a-97ab-aace78378dfd
INFO 2021/2/2 下午3:54:47  [Raven] userId = deb85877-22d4-45e7-9382-57cf601b8a66
DEBUG 2021/2/2 下午3:54:47  app.openFile
INFO 2021/2/2 下午3:54:48  handle document.loadInitData
INFO 2021/2/2 下午3:54:48  [focus] 1
INFO 2021/2/2 下午3:54:50  ----------------before-quit-----------------
INFO 2021/2/2 下午3:54:50  ------------------will-quit------------------
